<?xml version="1.0" encoding="UTF-8"?>
<testng-results skipped="0" failed="0" ignored="0" total="1" passed="1">
  <reporter-output>
  </reporter-output>
  <suite name="Default suite" duration-ms="4659" started-at="2020-03-18T21:30:08Z" finished-at="2020-03-18T21:30:13Z">
    <groups>
    </groups>
    <test name="Default test" duration-ms="4659" started-at="2020-03-18T21:30:08Z" finished-at="2020-03-18T21:30:13Z">
      <class name="testNG.SingleSetOfdata">
        <test-method status="PASS" signature="singlesetempdetails()[pri:0, instance:testNG.SingleSetOfdata@91161c7]" name="singlesetempdetails" duration-ms="4602" started-at="2020-03-18T21:30:08Z" finished-at="2020-03-18T21:30:13Z">
          <reporter-output>
          </reporter-output>
        </test-method> <!-- singlesetempdetails -->
      </class> <!-- testNG.SingleSetOfdata -->
    </test> <!-- Default test -->
  </suite> <!-- Default suite -->
</testng-results>
